TN:
SF:src/modules/appointments/services/CreateAppointmentService.ts
FN:25,(anonymous_18)
FN:26,CreateAppointmentService
FN:31,(anonymous_20)
FNF:3
FNH:3
FNDA:1,(anonymous_18)
FNDA:2,CreateAppointmentService
FNDA:3,(anonymous_20)
DA:1,1
DA:2,1
DA:4,1
DA:25,1
DA:28,2
DA:31,3
DA:32,3
DA:34,3
DA:38,3
DA:39,1
DA:42,2
DA:47,2
DA:49,1
DA:51,1
LF:14
LH:14
BRDA:38,0,0,1
BRDA:38,0,1,2
BRF:2
BRH:2
end_of_record
TN:
SF:src/modules/users/services/AuthenticateUserService.ts
FN:22,(anonymous_18)
FN:23,AuthenticateUserService
FN:31,(anonymous_20)
FNF:3
FNH:3
FNDA:1,(anonymous_18)
FNDA:3,AuthenticateUserService
FNDA:3,(anonymous_20)
DA:1,1
DA:2,1
DA:4,1
DA:8,1
DA:22,1
DA:25,3
DA:28,3
DA:31,3
DA:32,3
DA:34,3
DA:35,1
DA:38,2
DA:43,2
DA:44,1
DA:47,1
DA:49,1
DA:54,1
DA:59,1
LF:18
LH:18
BRDA:32,0,0,3
BRDA:34,1,0,1
BRDA:34,1,1,2
BRDA:43,2,0,1
BRDA:43,2,1,1
BRF:5
BRH:5
end_of_record
TN:
SF:src/modules/users/services/CreateUserService.ts
FN:16,(anonymous_18)
FN:17,CreateUserService
FN:25,(anonymous_20)
FNF:3
FNH:3
FNDA:2,(anonymous_18)
FNDA:4,CreateUserService
FNDA:5,(anonymous_20)
DA:1,2
DA:3,2
DA:16,2
DA:19,4
DA:22,4
DA:25,5
DA:26,5
DA:28,5
DA:29,1
DA:32,4
DA:34,4
DA:40,4
DA:42,2
DA:44,2
LF:14
LH:14
BRDA:26,0,0,5
BRDA:28,1,0,1
BRDA:28,1,1,4
BRF:3
BRH:3
end_of_record
TN:
SF:src/modules/users/services/UpdateUserAvatarService.ts
FN:16,(anonymous_18)
FN:17,UpdateUserAvatarService
FN:25,(anonymous_20)
FNF:3
FNH:3
FNDA:1,(anonymous_18)
FNDA:3,UpdateUserAvatarService
FNDA:4,(anonymous_20)
DA:1,1
DA:3,1
DA:16,1
DA:19,3
DA:22,3
DA:25,4
DA:26,4
DA:28,4
DA:29,1
DA:32,5
DA:33,2
DA:36,3
DA:38,3
DA:40,6
DA:42,3
DA:44,1
DA:46,1
LF:17
LH:17
BRDA:26,0,0,4
BRDA:26,0,1,3
BRDA:28,1,0,1
BRDA:28,1,1,3
BRDA:32,2,0,2
BRDA:32,2,1,1
BRF:6
BRH:6
end_of_record
